<?xml version="1.0" encoding="UTF-8"?>
<!-- Generated by org.testng.reporters.JUnitXMLReporter -->
<testsuite ignored="0" hostname="DESKTOP-DNP4KQK" failures="0" tests="2" name="Test" time="1.703" errors="0" timestamp="2023-08-27T17:07:45 IST">
  <testcase classname="genericLibraries.BaseClass" name="@BeforeMethod methodconfiguration" time="0.0">
    <failure type="java.lang.NumberFormatException" message="For input string: &amp;quot;time&amp;quot;">
      <![CDATA[java.lang.NumberFormatException: For input string: "time"
at java.base/java.lang.NumberFormatException.forInputString(NumberFormatException.java:67)
at java.base/java.lang.Long.parseLong(Long.java:711)
at java.base/java.lang.Long.parseLong(Long.java:836)
at genericLibraries.BaseClass.methodconfiguration(BaseClass.java:57)
at java.base/java.util.ArrayList.forEach(ArrayList.java:1511)
... Removed 31 stack frames]]>
    </failure>
  </testcase> <!-- @BeforeMethod methodconfiguration -->
  <testcase classname="genericLibraries.BaseClass" name="@AfterMethod methodTeardown" time="0.0">
    <skipped/>
  </testcase> <!-- @AfterMethod methodTeardown -->
  <testcase classname="genericLibraries.BaseClass" name="@AfterClass classTeardown" time="0.0">
    <skipped/>
  </testcase> <!-- @AfterClass classTeardown -->
  <testcase classname="genericLibraries.BaseClass" name="@BeforeMethod methodconfiguration" time="0.001">
    <failure type="java.lang.NumberFormatException" message="For input string: &amp;quot;time&amp;quot;">
      <![CDATA[java.lang.NumberFormatException: For input string: "time"
at java.base/java.lang.NumberFormatException.forInputString(NumberFormatException.java:67)
at java.base/java.lang.Long.parseLong(Long.java:711)
at java.base/java.lang.Long.parseLong(Long.java:836)
at genericLibraries.BaseClass.methodconfiguration(BaseClass.java:57)
at java.base/java.util.ArrayList.forEach(ArrayList.java:1511)
... Removed 31 stack frames]]>
    </failure>
  </testcase> <!-- @BeforeMethod methodconfiguration -->
  <testcase classname="genericLibraries.BaseClass" name="@AfterMethod methodTeardown" time="0.0">
    <skipped/>
  </testcase> <!-- @AfterMethod methodTeardown -->
  <testcase classname="genericLibraries.BaseClass" name="@AfterClass classTeardown" time="0.0">
    <skipped/>
  </testcase> <!-- @AfterClass classTeardown -->
  <testcase classname="TestScripts.RegisterShopperTest" name="createAccountTest" time="0.0">
    <skipped/>
  </testcase> <!-- createAccountTest -->
  <testcase classname="TestScripts.AddAddressTest" name="addAddressTest" time="0.0">
    <skipped/>
  </testcase> <!-- addAddressTest -->
</testsuite> <!-- Test -->
